<?xml version="1.0" encoding="UTF-8"?>
<!-- Generated by org.testng.reporters.JUnitReportReporter -->
<testsuite hostname="LAPTOP-CNRMAV0A" failures="0" tests="1" name="CrudOprationsWithBDD.GetProject" time="1.665" errors="0" timestamp="2022-09-29T12:35:02 IST" skipped="0">
  <testcase classname="CrudOprationsWithBDD.GetProject" name="getProjectTest" time="1.665"/>
  <system-out/>
</testsuite> <!-- CrudOprationsWithBDD.GetProject -->
