<?xml version="1.0" encoding="UTF-8"?>
<!-- Generated by org.testng.reporters.JUnitReportReporter -->
<testsuite hostname="LAPTOP-CNRMAV0A" failures="0" tests="1" name="SerializationAndDeSerialization.SerializationOfEmployeeDataWithObject" time="0.206" errors="0" timestamp="2022-09-27T13:06:43 IST" skipped="0">
  <testcase classname="SerializationAndDeSerialization.SerializationOfEmployeeDataWithObject" name="SerializationOfEmployeeDataWithObjectTest" time="0.206"/>
  <system-out/>
</testsuite> <!-- SerializationAndDeSerialization.SerializationOfEmployeeDataWithObject -->
