<?xml version="1.0" encoding="UTF-8"?>
<!-- Generated by org.testng.reporters.JUnitReportReporter -->
<testsuite hostname="LAPTOP-CNRMAV0A" failures="0" tests="1" name="practiceAPI.AddDuplicateProject" time="2.407" errors="0" timestamp="2022-09-30T10:31:24 IST" skipped="0">
  <testcase classname="practiceAPI.AddDuplicateProject" name="AddDuplicateProject" time="2.407"/>
  <system-out/>
</testsuite> <!-- practiceAPI.AddDuplicateProject -->
