<?xml version="1.0" encoding="UTF-8"?>
<!-- Generated by org.testng.reporters.JUnitReportReporter -->
<testsuite hostname="LAPTOP-CNRMAV0A" failures="0" tests="1" name="ValidationTest.HeaderValidation" time="1.618" errors="0" timestamp="2022-10-18T16:45:59 IST" skipped="0">
  <testcase classname="ValidationTest.HeaderValidation" name="headerValidation" time="1.618"/>
  <system-out/>
</testsuite> <!-- ValidationTest.HeaderValidation -->
