<?xml version="1.0" encoding="UTF-8"?>
<!-- Generated by org.testng.reporters.JUnitReportReporter -->
<testsuite hostname="LAPTOP-CNRMAV0A" failures="0" tests="1" name="CrudOperationsWithOutBDD.GetAllProject" time="1.505" errors="0" timestamp="2022-09-28T15:04:00 IST" skipped="0">
  <testcase classname="CrudOperationsWithOutBDD.GetAllProject" name="getAllProjectTest" time="1.505"/>
  <system-out/>
</testsuite> <!-- CrudOperationsWithOutBDD.GetAllProject -->
