<?xml version="1.0" encoding="UTF-8"?>
<!-- Generated by org.testng.reporters.JUnitReportReporter -->
<testsuite hostname="LAPTOP-CNRMAV0A" failures="0" tests="1" name="ApiEndToEndScenario.Get_verifyInGUI_ValidateDB" time="10.402" errors="0" timestamp="2022-10-11T12:45:41 IST" skipped="0">
  <testcase classname="ApiEndToEndScenario.Get_verifyInGUI_ValidateDB" name="getRequest" time="10.402"/>
  <system-out>
    <![CDATA[TY_PROJ_1002]]>
  </system-out>
</testsuite> <!-- ApiEndToEndScenario.Get_verifyInGUI_ValidateDB -->
