<?xml version="1.0" encoding="UTF-8"?>
<!-- Generated by org.testng.reporters.JUnitReportReporter -->
<testsuite hostname="LAPTOP-CNRMAV0A" failures="0" tests="1" name="differentWaysToPostTheRequest.AddProjectWithPojoTest" time="1.908" errors="0" timestamp="2022-10-03T16:36:05 IST" skipped="0">
  <testcase classname="differentWaysToPostTheRequest.AddProjectWithPojoTest" name="addProjectTest" time="1.908"/>
  <system-out/>
</testsuite> <!-- differentWaysToPostTheRequest.AddProjectWithPojoTest -->
