<?xml version="1.0" encoding="UTF-8"?>
<!-- Generated by org.testng.reporters.JUnitReportReporter -->
<testsuite hostname="LAPTOP-CNRMAV0A" failures="0" tests="2" name="DataDrivenTesting_API.AddProjectUsinDataProvider" time="1.531" errors="0" timestamp="2022-10-03T15:10:29 IST" skipped="0">
  <testcase classname="DataDrivenTesting_API.AddProjectUsinDataProvider" name="addProjectTest" time="0.020"/>
  <system-out/>
  <testcase classname="DataDrivenTesting_API.AddProjectUsinDataProvider" name="addProjectTest" time="1.511"/>
  <system-out/>
</testsuite> <!-- DataDrivenTesting_API.AddProjectUsinDataProvider -->
