<?xml version="1.0" encoding="UTF-8"?>
<!-- Generated by org.testng.reporters.JUnitReportReporter -->
<testsuite hostname="LAPTOP-CNRMAV0A" failures="0" tests="1" name="CrudOprationsWithBDD.PutProject" time="1.879" errors="0" timestamp="2022-09-29T12:30:16 IST" skipped="0">
  <testcase classname="CrudOprationsWithBDD.PutProject" name="putProjectTest" time="1.879"/>
  <system-out/>
</testsuite> <!-- CrudOprationsWithBDD.PutProject -->
