<?xml version="1.0" encoding="UTF-8"?>
<!-- Generated by org.testng.reporters.JUnitReportReporter -->
<testsuite hostname="LAPTOP-CNRMAV0A" failures="0" tests="1" name="CrudOprationsWithBDD.GetAllProjects" time="1.565" errors="0" timestamp="2022-10-03T17:40:08 IST" skipped="0">
  <testcase classname="CrudOprationsWithBDD.GetAllProjects" name="getAllProjectsTest" time="1.565"/>
  <system-out/>
</testsuite> <!-- CrudOprationsWithBDD.GetAllProjects -->
