<?xml version="1.0" encoding="UTF-8"?>
<!-- Generated by org.testng.reporters.JUnitReportReporter -->
<testsuite hostname="LAPTOP-CNRMAV0A" failures="0" tests="1" name="ApiEndToEndScenario.Create_VrifyUi_ValidateDB" time="1.827" errors="0" timestamp="2022-10-11T13:37:40 IST" skipped="0">
  <testcase classname="ApiEndToEndScenario.Create_VrifyUi_ValidateDB" name="postRequest" time="1.827"/>
  <system-out>
    <![CDATA[TY_PROJ_2402]]>
  </system-out>
</testsuite> <!-- ApiEndToEndScenario.Create_VrifyUi_ValidateDB -->
