<?xml version="1.0" encoding="UTF-8"?>
<!-- Generated by org.testng.reporters.JUnitReportReporter -->
<testsuite hostname="LAPTOP-CNRMAV0A" failures="0" tests="1" name="ValidationTest.StatusLineValidationTest" time="1.334" errors="0" timestamp="2022-10-06T17:39:29 IST" skipped="0">
  <testcase classname="ValidationTest.StatusLineValidationTest" name="statuslineValidationTest" time="1.334"/>
  <system-out/>
</testsuite> <!-- ValidationTest.StatusLineValidationTest -->
