<?xml version="1.0" encoding="UTF-8"?>
<!-- Generated by org.testng.reporters.JUnitReportReporter -->
<testsuite hostname="LAPTOP-CNRMAV0A" failures="0" tests="1" name="practiceAPI.AddSingleProjectWithCreated" time="1.804" errors="0" timestamp="2022-09-30T10:46:54 IST" skipped="0">
  <testcase classname="practiceAPI.AddSingleProjectWithCreated" name="AddSingleProjectWithCreated" time="1.804"/>
  <system-out/>
</testsuite> <!-- practiceAPI.AddSingleProjectWithCreated -->
