<?xml version="1.0" encoding="UTF-8"?>
<!-- Generated by org.testng.reporters.JUnitReportReporter -->
<testsuite hostname="LAPTOP-CNRMAV0A" failures="0" tests="1" name="CrudOprationsWithBDD.AddProjectTest" time="1.762" errors="0" timestamp="2022-10-03T17:35:42 IST" skipped="0">
  <testcase classname="CrudOprationsWithBDD.AddProjectTest" name="creatProjectTest" time="1.762"/>
  <system-out/>
</testsuite> <!-- CrudOprationsWithBDD.AddProjectTest -->
