<?xml version="1.0" encoding="UTF-8"?>
<!-- Generated by org.testng.reporters.JUnitReportReporter -->
<testsuite hostname="LAPTOP-CNRMAV0A" failures="0" tests="1" name="SerializationAndDeSerialization.DeserializatioOfArray" time="0.159" errors="0" timestamp="2022-11-19T13:58:08 IST" skipped="0">
  <testcase classname="SerializationAndDeSerialization.DeserializatioOfArray" name="DeserializatioOfArrayTest" time="0.159"/>
  <system-out/>
</testsuite> <!-- SerializationAndDeSerialization.DeserializatioOfArray -->
