<?xml version="1.0" encoding="UTF-8"?>
<!-- Generated by org.testng.reporters.JUnitReportReporter -->
<testsuite hostname="LAPTOP-CNRMAV0A" failures="0" tests="1" name="Authontication.BearerToken" time="3.139" errors="0" timestamp="2022-10-07T15:53:13 IST" skipped="0">
  <testcase classname="Authontication.BearerToken" name="authontication" time="3.139"/>
  <system-out/>
</testsuite> <!-- Authontication.BearerToken -->
