<?xml version="1.0" encoding="UTF-8"?>
<!-- Generated by org.testng.reporters.JUnitReportReporter -->
<testsuite hostname="LAPTOP-CNRMAV0A" failures="0" tests="1" name="MpsAssignment.MpsAssignment" time="6.863" errors="0" timestamp="2022-11-28T15:52:27 IST" skipped="0">
  <testcase classname="MpsAssignment.MpsAssignment" name="getRequestTest" time="6.863"/>
  <system-out/>
</testsuite> <!-- MpsAssignment.MpsAssignment -->
