<?xml version="1.0" encoding="UTF-8"?>
<!-- Generated by org.testng.reporters.JUnitReportReporter -->
<testsuite hostname="LAPTOP-CNRMAV0A" failures="0" tests="1" name="ValidationTest.GetProjectWithoutEndPoint" time="1.381" errors="0" timestamp="2022-10-06T17:35:26 IST" skipped="0">
  <testcase classname="ValidationTest.GetProjectWithoutEndPoint" name="getProjectWithoutEndPointTest" time="1.381"/>
  <system-out/>
</testsuite> <!-- ValidationTest.GetProjectWithoutEndPoint -->
