<?xml version="1.0" encoding="UTF-8"?>
<!-- Generated by org.testng.reporters.JUnitReportReporter -->
<testsuite hostname="LAPTOP-CNRMAV0A" failures="0" tests="1" name="ApiEndToEndScenario.Put_VerifyGUI_ValidateDB" time="8.897" errors="0" timestamp="2022-10-11T13:39:58 IST" skipped="0">
  <testcase classname="ApiEndToEndScenario.Put_VerifyGUI_ValidateDB" name="putRequest" time="8.897"/>
  <system-out>
    <![CDATA[TY_PROJ_1202]]>
  </system-out>
</testsuite> <!-- ApiEndToEndScenario.Put_VerifyGUI_ValidateDB -->
