<?xml version="1.0" encoding="UTF-8"?>
<!-- Generated by org.testng.reporters.JUnitReportReporter -->
<testsuite hostname="LAPTOP-CNRMAV0A" failures="0" tests="1" name="ApiEndToEndScenario.Create_VrifyUi_DeleteDB" time="1.533" errors="0" timestamp="2022-10-10T16:22:21 IST" skipped="0">
  <testcase classname="ApiEndToEndScenario.Create_VrifyUi_DeleteDB" name="postRequest" time="1.533"/>
  <system-out>
    <![CDATA[TY_PROJ_2212]]>
  </system-out>
</testsuite> <!-- ApiEndToEndScenario.Create_VrifyUi_DeleteDB -->
