<?xml version="1.0" encoding="UTF-8"?>
<!-- Generated by org.testng.reporters.JUnitReportReporter -->
<testsuite hostname="LAPTOP-CNRMAV0A" failures="0" tests="1" name="ValidationTest.BodyValidation" time="1.594" errors="0" timestamp="2022-10-18T16:45:45 IST" skipped="0">
  <testcase classname="ValidationTest.BodyValidation" name="bodyValidationTest" time="1.594"/>
  <system-out/>
</testsuite> <!-- ValidationTest.BodyValidation -->
