<?xml version="1.0" encoding="UTF-8"?>
<!-- Generated by org.testng.reporters.JUnitReportReporter -->
<testsuite hostname="LAPTOP-CNRMAV0A" failures="0" tests="1" name="ValidationTest.AddProjectWithUnsupportedMediaType" time="1.696" errors="0" timestamp="2022-10-06T17:22:55 IST" skipped="0">
  <testcase classname="ValidationTest.AddProjectWithUnsupportedMediaType" name="gaddProjectWithUnsupportedMediaTypeTest" time="1.696"/>
  <system-out/>
</testsuite> <!-- ValidationTest.AddProjectWithUnsupportedMediaType -->
