<?xml version="1.0" encoding="UTF-8"?>
<!-- Generated by org.testng.reporters.JUnitReportReporter -->
<testsuite hostname="LAPTOP-CNRMAV0A" failures="0" tests="1" name="RequestChining.PostGetTest" time="1.709" errors="0" timestamp="2022-10-06T13:19:14 IST" skipped="0">
  <testcase classname="RequestChining.PostGetTest" name="postGetTest" time="1.709"/>
  <system-out/>
</testsuite> <!-- RequestChining.PostGetTest -->
