<?xml version="1.0" encoding="UTF-8"?>
<!-- Generated by org.testng.reporters.JUnitReportReporter -->
<testsuite hostname="LAPTOP-CNRMAV0A" failures="0" tests="1" name="CrudOperationsWithOutBDD.GetProject" time="1.476" errors="0" timestamp="2022-09-28T13:02:07 IST" skipped="0">
  <testcase classname="CrudOperationsWithOutBDD.GetProject" name="getProjectTest" time="1.476"/>
  <system-out/>
</testsuite> <!-- CrudOperationsWithOutBDD.GetProject -->
