<?xml version="1.0" encoding="UTF-8"?>
<!-- Generated by org.testng.reporters.JUnitReportReporter -->
<testsuite hostname="LAPTOP-CNRMAV0A" failures="0" tests="1" name="CrudOperationsWithOutBDD.DeleteProject" time="1.475" errors="0" timestamp="2022-09-28T15:04:24 IST" skipped="0">
  <testcase classname="CrudOperationsWithOutBDD.DeleteProject" name="deleteProjectTest" time="1.475"/>
  <system-out/>
</testsuite> <!-- CrudOperationsWithOutBDD.DeleteProject -->
