<?xml version="1.0" encoding="UTF-8"?>
<!-- Generated by org.testng.reporters.JUnitReportReporter -->
<testsuite hostname="LAPTOP-CNRMAV0A" failures="0" tests="1" name="CrudOperationsWithOutBDD.AddProjectTest" time="1.739" errors="0" timestamp="2022-09-28T13:10:17 IST" skipped="0">
  <testcase classname="CrudOperationsWithOutBDD.AddProjectTest" name="createProjrctTest" time="1.739"/>
  <system-out/>
</testsuite> <!-- CrudOperationsWithOutBDD.AddProjectTest -->
