<?xml version="1.0" encoding="UTF-8"?>
<!-- Generated by org.testng.reporters.JUnitReportReporter -->
<testsuite hostname="LAPTOP-CNRMAV0A" failures="0" tests="1" name="Parameters.PathParameter" time="1.105" errors="0" timestamp="2022-10-06T11:46:22 IST" skipped="0">
  <testcase classname="Parameters.PathParameter" name="pathParameterTest" time="1.105"/>
  <system-out/>
</testsuite> <!-- Parameters.PathParameter -->
