<?xml version="1.0" encoding="UTF-8"?>
<!-- Generated by org.testng.reporters.JUnitReportReporter -->
<testsuite hostname="LAPTOP-CNRMAV0A" failures="0" tests="1" name="practiceAPI.AddProjectWithCompletedStatus" time="1.951" errors="0" timestamp="2022-09-30T10:33:49 IST" skipped="0">
  <testcase classname="practiceAPI.AddProjectWithCompletedStatus" name="AddProjectWithCompletedStatus" time="1.951"/>
  <system-out/>
</testsuite> <!-- practiceAPI.AddProjectWithCompletedStatus -->
