<?xml version="1.0" encoding="UTF-8"?>
<!-- Generated by org.testng.reporters.JUnitReportReporter -->
<testsuite hostname="LAPTOP-CNRMAV0A" failures="0" tests="1" name="CrudOperationsWithOutBDD.PutProject" time="1.763" errors="0" timestamp="2022-09-28T12:57:12 IST" skipped="0">
  <testcase classname="CrudOperationsWithOutBDD.PutProject" name="putProjectTest" time="1.763"/>
  <system-out/>
</testsuite> <!-- CrudOperationsWithOutBDD.PutProject -->
