<?xml version="1.0" encoding="UTF-8"?>
<!-- Generated by org.testng.reporters.JUnitReportReporter -->
<testsuite hostname="LAPTOP-CNRMAV0A" failures="0" tests="1" name="ApiEndToEndScenario.Delete_VerifyGUI_ValidateDb" time="5.217" errors="0" timestamp="2022-10-11T15:28:25 IST" skipped="0">
  <testcase classname="ApiEndToEndScenario.Delete_VerifyGUI_ValidateDb" name="deleteRequest" time="5.217"/>
  <system-out/>
</testsuite> <!-- ApiEndToEndScenario.Delete_VerifyGUI_ValidateDb -->
