<?xml version="1.0" encoding="UTF-8"?>
<!-- Generated by org.testng.reporters.JUnitReportReporter -->
<testsuite hostname="LAPTOP-CNRMAV0A" failures="0" tests="1" name="RequestChining.PostDeleteTest" time="1.663" errors="0" timestamp="2022-10-06T13:29:53 IST" skipped="0">
  <testcase classname="RequestChining.PostDeleteTest" name="postDeleteTest" time="1.663"/>
  <system-out/>
</testsuite> <!-- RequestChining.PostDeleteTest -->
