<?xml version="1.0" encoding="UTF-8"?>
<!-- Generated by org.testng.reporters.JUnitReportReporter -->
<testsuite hostname="LAPTOP-CNRMAV0A" failures="0" tests="1" name="SerializationAndDeSerialization.DeserializationofContact" time="0.267" errors="0" timestamp="2022-11-15T13:27:46 IST" skipped="0">
  <testcase classname="SerializationAndDeSerialization.DeserializationofContact" name="DeserializationofContactTest" time="0.267"/>
  <system-out/>
</testsuite> <!-- SerializationAndDeSerialization.DeserializationofContact -->
