<?xml version="1.0" encoding="UTF-8"?>
<!-- Generated by org.testng.reporters.JUnitReportReporter -->
<testsuite hostname="LAPTOP-CNRMAV0A" failures="0" tests="1" name="RequestChining.GetDeleteTest" time="1.875" errors="0" timestamp="2022-10-06T15:55:35 IST" skipped="0">
  <testcase classname="RequestChining.GetDeleteTest" name="getDeleteTest" time="1.875"/>
  <system-out/>
</testsuite> <!-- RequestChining.GetDeleteTest -->
