<?xml version="1.0" encoding="UTF-8"?>
<!-- Generated by org.testng.reporters.JUnitReportReporter -->
<testsuite hostname="LAPTOP-CNRMAV0A" failures="0" tests="1" name="SerializationAndDeSerialization.SerializationOfEmployeeDataWithArray" time="0.195" errors="0" timestamp="2022-09-28T10:44:31 IST" skipped="0">
  <testcase classname="SerializationAndDeSerialization.SerializationOfEmployeeDataWithArray" name="SerializationOfEmployeeDataWithArrayTest" time="0.195"/>
  <system-out/>
</testsuite> <!-- SerializationAndDeSerialization.SerializationOfEmployeeDataWithArray -->
