<?xml version="1.0" encoding="UTF-8"?>
<!-- Generated by org.testng.reporters.JUnitReportReporter -->
<testsuite hostname="LAPTOP-CNRMAV0A" failures="0" tests="1" name="SerializationAndDeSerialization.SerializationofContact" time="0.200" errors="0" timestamp="2022-11-19T13:47:03 IST" skipped="0">
  <testcase classname="SerializationAndDeSerialization.SerializationofContact" name="SerializationofContactTest" time="0.200"/>
  <system-out/>
</testsuite> <!-- SerializationAndDeSerialization.SerializationofContact -->
