<?xml version="1.0" encoding="UTF-8"?>
<!-- Generated by org.testng.reporters.JUnitReportReporter -->
<testsuite hostname="LAPTOP-CNRMAV0A" failures="0" tests="1" name="RequestChining.PostPut" time="2.231" errors="0" timestamp="2022-10-06T15:08:15 IST" skipped="0">
  <testcase classname="RequestChining.PostPut" name="postPutTest" time="2.231"/>
  <system-out/>
</testsuite> <!-- RequestChining.PostPut -->
