<?xml version="1.0" encoding="UTF-8"?>
<!-- Generated by org.testng.reporters.JUnitReportReporter -->
<testsuite hostname="LAPTOP-CNRMAV0A" failures="0" tests="1" name="practiceAPI.AddProjectWithOngoingStatus" time="1.720" errors="0" timestamp="2022-09-30T10:41:34 IST" skipped="0">
  <testcase classname="practiceAPI.AddProjectWithOngoingStatus" name="AddProjectWithOngoingStatusTest" time="1.720"/>
  <system-out/>
</testsuite> <!-- practiceAPI.AddProjectWithOngoingStatus -->
