<?xml version="1.0" encoding="UTF-8"?>
<!-- Generated by org.testng.reporters.JUnitReportReporter -->
<testsuite hostname="LAPTOP-CNRMAV0A" failures="0" tests="1" name="SerializationAndDeSerialization.SerializatioOfEmployeeDetails" time="0.217" errors="0" timestamp="2022-09-27T13:04:16 IST" skipped="0">
  <testcase classname="SerializationAndDeSerialization.SerializatioOfEmployeeDetails" name="SerializationOfEmployeeDetailsTest" time="0.217"/>
  <system-out/>
</testsuite> <!-- SerializationAndDeSerialization.SerializatioOfEmployeeDetails -->
