<?xml version="1.0" encoding="UTF-8"?>
<!-- Generated by org.testng.reporters.JUnitReportReporter -->
<testsuite hostname="LAPTOP-CNRMAV0A" failures="0" tests="1" name="ValidationTest.DynamicResponceValTest" time="1.848" errors="0" timestamp="2022-10-03T16:11:40 IST" skipped="0">
  <testcase classname="ValidationTest.DynamicResponceValTest" name="getAllProjectsTest" time="1.848"/>
  <system-out/>
</testsuite> <!-- ValidationTest.DynamicResponceValTest -->
