<?xml version="1.0" encoding="UTF-8"?>
<!-- Generated by org.testng.reporters.JUnitReportReporter -->
<testsuite hostname="LAPTOP-CNRMAV0A" failures="0" tests="1" name="Assignment.PostRequest" time="5.928" errors="0" timestamp="2022-10-19T11:25:58 IST" skipped="0">
  <testcase classname="Assignment.PostRequest" name="post" time="5.928"/>
  <system-out/>
</testsuite> <!-- Assignment.PostRequest -->
